\BOOKMARK [1][-]{section.1}{\376\377\000I\000n\000t\000r\000o\000d\000u\000c\000t\000i\000o\000n\000\040\000t\000o\000\040\000m\000a\000t\000h\000e\000m\000a\000t\000i\000c\000a\000l\000\040\000r\000e\000a\000s\000o\000n\000i\000n\000g}{}% 1
\BOOKMARK [2][-]{subsection.1.1}{\376\377\000W\000h\000a\000t\000\040\000i\000s\000\040\000a\000\040\000s\000e\000t\000?}{section.1}% 2
\BOOKMARK [2][-]{subsection.1.2}{\376\377\000C\000o\000n\000j\000u\000n\000c\000t\000i\000o\000n\000,\000\040\000d\000i\000s\000j\000u\000n\000c\000t\000i\000o\000n\000\040\000a\000n\000d\000\040\000n\000e\000g\000a\000t\000i\000o\000n}{section.1}% 3
\BOOKMARK [2][-]{subsection.1.3}{\376\377\000D\000e\000\040\000M\000o\000r\000g\000a\000n\000'\000s\000\040\000L\000a\000w\000s\000:\000\040\000N\000e\000g\000a\000t\000i\000n\000g\000\040\000c\000o\000n\000j\000u\000n\000c\000t\000i\000o\000n\000s\000\040\000a\000n\000d\000\040\000d\000i\000s\000j\000u\000n\000c\000t\000i\000o\000n\000s}{section.1}% 4
\BOOKMARK [2][-]{subsection.1.4}{\376\377\000I\000m\000p\000l\000i\000c\000a\000t\000i\000o\000n\000s\000\040\000a\000n\000d\000\040\000t\000h\000e\000i\000r\000\040\000n\000e\000g\000a\000t\000i\000o\000n\000s}{section.1}% 5
\BOOKMARK [2][-]{subsection.1.5}{\376\377\000C\000o\000n\000t\000r\000a\000p\000o\000s\000i\000t\000i\000o\000n}{section.1}% 6
\BOOKMARK [2][-]{subsection.1.6}{\376\377\000E\000q\000u\000i\000v\000a\000l\000e\000n\000c\000e}{section.1}% 7
\BOOKMARK [2][-]{subsection.1.7}{\376\377\000Q\000u\000a\000n\000t\000i\000f\000i\000e\000r\000s\000\040\000a\000n\000d\000\040\000t\000h\000e\000i\000r\000\040\000n\000e\000g\000a\000t\000i\000o\000n\000s}{section.1}% 8
\BOOKMARK [2][-]{subsection.1.8}{\376\377\000P\000r\000o\000v\000i\000n\000g\000\040\000a\000n\000d\000\040\000d\000i\000s\000p\000r\000o\000v\000i\000n\000g\000\040\000m\000a\000t\000h\000e\000m\000a\000t\000i\000c\000a\000l\000\040\000p\000r\000o\000p\000o\000s\000i\000t\000i\000o\000n\000s}{section.1}% 9
\BOOKMARK [2][-]{subsection.1.9}{\376\377\000F\000r\000e\000e\000\040\000a\000n\000d\000\040\000b\000o\000u\000n\000d\000\040\000v\000a\000r\000i\000a\000b\000l\000e\000s}{section.1}% 10
\BOOKMARK [1][-]{section.2}{\376\377\000S\000e\000t\000\040\000t\000h\000e\000o\000r\000y}{}% 11
\BOOKMARK [2][-]{subsection.2.1}{\376\377\000B\000a\000s\000i\000c\000\040\000s\000e\000t\000\040\000n\000o\000t\000a\000t\000i\000o\000n}{section.2}% 12
\BOOKMARK [2][-]{subsection.2.2}{\376\377\000S\000e\000t\000\040\000o\000p\000e\000r\000a\000t\000i\000o\000n\000s}{section.2}% 13
\BOOKMARK [2][-]{subsection.2.3}{\376\377\000S\000e\000t\000\040\000a\000l\000g\000e\000b\000r\000a}{section.2}% 14
\BOOKMARK [3][-]{subsubsection.2.3.1}{\376\377\000S\000i\000m\000i\000l\000a\000r\000i\000t\000i\000e\000s\000\040\000b\000e\000t\000w\000e\000e\000n\000\040\000s\000e\000t\000s\000,\000\040\000l\000o\000g\000i\000c\000\040\000a\000n\000d\000\040\000a\000r\000i\000t\000h\000m\000e\000t\000i\000c}{subsection.2.3}% 15
\BOOKMARK [3][-]{subsubsection.2.3.2}{\376\377\000O\000t\000h\000e\000r\000\040\000m\000i\000s\000c\000e\000l\000l\000a\000n\000e\000o\000u\000s\000\040\000l\000a\000w\000s}{subsection.2.3}% 16
\BOOKMARK [2][-]{subsection.2.4}{\376\377\000P\000r\000o\000v\000i\000n\000g\000\040\000t\000w\000o\000\040\000s\000e\000t\000s\000\040\000a\000r\000e\000\040\000e\000q\000u\000i\000v\000a\000l\000e\000n\000t}{section.2}% 17
\BOOKMARK [2][-]{subsection.2.5}{\376\377\000C\000o\000n\000s\000t\000r\000u\000c\000t\000i\000n\000g\000\040\000p\000r\000o\000o\000f\000s\000\040\000w\000i\000t\000h\000\040\000t\000o\000p\000-\000d\000o\000w\000n\000\040\000a\000n\000d\000\040\000b\000o\000t\000t\000o\000m\000-\000u\000p\000\040\000a\000p\000p\000r\000o\000a\000c\000h}{section.2}% 18
\BOOKMARK [1][-]{section.3}{\376\377\000F\000u\000n\000c\000t\000i\000o\000n\000s}{}% 19
\BOOKMARK [2][-]{subsection.3.1}{\376\377\000W\000h\000a\000t\000\040\000i\000s\000\040\000a\000\040\000f\000u\000n\000c\000t\000i\000o\000n\000?}{section.3}% 20
\BOOKMARK [2][-]{subsection.3.2}{\376\377\000T\000o\000t\000a\000l\000\040\000a\000n\000d\000\040\000p\000a\000r\000t\000i\000a\000l\000\040\000f\000u\000n\000c\000t\000i\000o\000n\000s}{section.3}% 21
\BOOKMARK [2][-]{subsection.3.3}{\376\377\000S\000e\000q\000e\000n\000t\000i\000a\000l\000\040\000c\000o\000m\000p\000o\000s\000i\000t\000i\000o\000n\000\040\000o\000f\000\040\000f\000u\000n\000c\000t\000i\000o\000n\000s}{section.3}% 22
\BOOKMARK [2][-]{subsection.3.4}{\376\377\000I\000n\000j\000e\000c\000t\000i\000o\000n\000s\000\040\000\050\000e\000n\000c\000o\000d\000i\000n\000g\000s\000\051}{section.3}% 23
\BOOKMARK [2][-]{subsection.3.5}{\376\377\000S\000u\000r\000j\000e\000c\000t\000i\000o\000n\000s}{section.3}% 24
\BOOKMARK [2][-]{subsection.3.6}{\376\377\000B\000i\000j\000e\000c\000t\000i\000o\000n\000s\000\040\000\050\000o\000n\000e\000-\000t\000o\000-\000o\000n\000e\000\040\000c\000o\000r\000r\000e\000s\000p\000o\000n\000d\000e\000n\000c\000e\000\051}{section.3}% 25
\BOOKMARK [2][-]{subsection.3.7}{\376\377\000C\000o\000m\000p\000o\000s\000i\000t\000i\000o\000n\000s\000\040\000o\000f\000\040\000i\000n\000j\000e\000c\000t\000i\000o\000n\000s\000,\000\040\000s\000u\000r\000j\000e\000c\000t\000i\000o\000n\000s\000\040\000a\000n\000d\000\040\000b\000i\000j\000e\000c\000t\000i\000o\000n\000s}{section.3}% 26
\BOOKMARK [2][-]{subsection.3.8}{\376\377\000P\000r\000o\000v\000i\000n\000g\000\040\000t\000h\000e\000\040\000a\000s\000s\000o\000c\000i\000a\000t\000i\000v\000i\000t\000y\000\040\000o\000f\000\040\000s\000e\000q\000u\000e\000n\000t\000i\000a\000l\000\040\000c\000o\000m\000p\000o\000s\000i\000t\000i\000o\000n\000\040\000o\000f\000\040\000i\000n\000j\000e\000c\000t\000i\000o\000n\000s}{section.3}% 27
\BOOKMARK [2][-]{subsection.3.9}{\376\377\000C\000o\000m\000p\000a\000r\000i\000n\000g\000\040\000c\000a\000r\000d\000i\000n\000a\000l\000i\000t\000i\000e\000s\000\040\000o\000f\000\040\000s\000e\000t\000s}{section.3}% 28
\BOOKMARK [1][-]{section.4}{\376\377\000P\000e\000r\000m\000u\000t\000a\000t\000i\000o\000n\000s}{}% 29
\BOOKMARK [2][-]{subsection.4.1}{\376\377\000W\000h\000a\000t\000\040\000i\000s\000\040\000a\000\040\000p\000e\000r\000m\000u\000t\000a\000t\000i\000o\000n\000?}{section.4}% 30
\BOOKMARK [2][-]{subsection.4.2}{\376\377\000V\000i\000e\000w\000i\000n\000g\000\040\000p\000e\000r\000m\000u\000t\000a\000t\000i\000o\000n\000s\000\040\000a\000s\000\040\000b\000i\000j\000e\000c\000t\000i\000o\000n\000s}{section.4}% 31
\BOOKMARK [2][-]{subsection.4.3}{\376\377\000C\000o\000m\000p\000o\000s\000i\000t\000i\000o\000n\000\040\000a\000n\000d\000\040\000o\000r\000d\000e\000r\000\040\000o\000f\000\040\000p\000e\000r\000m\000u\000t\000a\000t\000i\000o\000n\000s}{section.4}% 32
\BOOKMARK [2][-]{subsection.4.4}{\376\377\000D\000i\000s\000o\000r\000d\000e\000r\000s\000,\000\040\000a\000n\000d\000\040\000t\000h\000e\000\040\000s\000i\000g\000n\000\040\000o\000f\000\040\000a\000\040\000p\000e\000r\000m\000u\000t\000a\000t\000i\000o\000n}{section.4}% 33
\BOOKMARK [1][-]{section.5}{\376\377\000I\000n\000t\000r\000o\000d\000u\000c\000t\000i\000o\000n\000\040\000t\000o\000\040\000m\000o\000d\000u\000l\000a\000r\000\040\000a\000r\000i\000t\000h\000m\000e\000t\000i\000c}{}% 34
\BOOKMARK [1][-]{section.6}{\376\377\000B\000i\000n\000a\000r\000y\000\040\000r\000e\000l\000a\000t\000i\000o\000n\000s}{}% 35
\BOOKMARK [2][-]{subsection.6.1}{\376\377\000W\000h\000a\000t\000\040\000i\000s\000\040\000a\000\040\000b\000i\000n\000a\000r\000y\000\040\000r\000e\000l\000a\000t\000i\000o\000n\000?}{section.6}% 36
\BOOKMARK [2][-]{subsection.6.2}{\376\377\000E\000q\000u\000i\000v\000a\000l\000e\000n\000c\000e\000\040\000r\000e\000l\000a\000t\000i\000o\000n\000s}{section.6}% 37
\BOOKMARK [2][-]{subsection.6.3}{\376\377\000E\000q\000u\000i\000v\000a\000l\000e\000n\000c\000e\000\040\000c\000l\000a\000s\000s\000e\000s}{section.6}% 38
\BOOKMARK [1][-]{section.7}{\376\377\000I\000n\000t\000r\000o\000d\000u\000c\000t\000i\000o\000n\000\040\000t\000o\000\040\000g\000r\000o\000u\000p\000s}{}% 39
\BOOKMARK [2][-]{subsection.7.1}{\376\377\000W\000h\000a\000t\000\040\000i\000s\000\040\000a\000\040\000g\000r\000o\000u\000p\000?}{section.7}% 40
\BOOKMARK [2][-]{subsection.7.2}{\376\377\000C\000o\000m\000m\000u\000t\000a\000t\000i\000v\000e\000\040\000g\000r\000o\000u\000p\000s}{section.7}% 41
\BOOKMARK [2][-]{subsection.7.3}{\376\377\000A\000d\000d\000i\000t\000i\000v\000e\000\040\000g\000r\000o\000u\000p\000s}{section.7}% 42
\BOOKMARK [2][-]{subsection.7.4}{\376\377\000M\000u\000l\000t\000i\000p\000l\000i\000c\000a\000t\000i\000v\000e\000\040\000g\000r\000o\000u\000p\000s}{section.7}% 43
\BOOKMARK [2][-]{subsection.7.5}{\376\377\000S\000u\000b\000g\000r\000o\000u\000p\000s}{section.7}% 44
\BOOKMARK [2][-]{subsection.7.6}{\376\377\000O\000r\000d\000e\000r\000\040\000o\000f\000\040\000a\000n\000\040\000e\000l\000e\000m\000e\000n\000t}{section.7}% 45
\BOOKMARK [1][-]{section.8}{\376\377\000E\000u\000c\000l\000i\000d\000e\000a\000n\000\040\000a\000l\000g\000o\000r\000i\000t\000h\000m\000\040\000a\000n\000d\000\040\000i\000t\000s\000\040\000a\000p\000p\000l\000i\000c\000a\000t\000i\000o\000n\000s\000\040\000i\000n\000\040\000g\000r\000o\000u\000p\000s}{}% 46
\BOOKMARK [2][-]{subsection.8.1}{\376\377\000M\000u\000l\000t\000i\000p\000l\000i\000c\000a\000t\000i\000v\000e\000\040\000g\000r\000o\000u\000p\000\040\000o\000f\000\040\000i\000n\000t\000e\000g\000e\000r\000s\000\040\000m\000o\000d\000u\000l\000o\000\040\000m}{section.8}% 47
\BOOKMARK [2][-]{subsection.8.2}{\376\377\000E\000u\000l\000e\000r\000'\000s\000\040\000t\000o\000t\000i\000e\000n\000t\000\040\000f\000u\000n\000c\000t\000i\000o\000n}{section.8}% 48
\BOOKMARK [2][-]{subsection.8.3}{\376\377\000B\000u\000t\000\040\000i\000s\000\040\000i\000t\000\040\000r\000e\000a\000l\000l\000y\000\040\000a\000\040\000g\000r\000o\000u\000p\000?}{section.8}% 49
\BOOKMARK [2][-]{subsection.8.4}{\376\377\000E\000u\000c\000l\000i\000d\000e\000a\000n\000\040\000a\000l\000g\000o\000r\000i\000t\000h\000m}{section.8}% 50
\BOOKMARK [2][-]{subsection.8.5}{\376\377\000E\000x\000p\000r\000e\000s\000s\000i\000n\000g\000\040\000\050\000a\000,\000\040\000b\000\051\000\040\000a\000s\000\040\000a\000\040\000l\000i\000n\000e\000a\000r\000\040\000c\000o\000m\000b\000i\000n\000a\000t\000i\000o\000n\000\040\000o\000f\000\040\000a\000\040\000a\000n\000d\000\040\000b}{section.8}% 51
\BOOKMARK [2][-]{subsection.8.6}{\376\377\000P\000r\000o\000v\000i\000n\000g\000\040\000i\000n\000v\000e\000r\000t\000i\000b\000i\000l\000i\000t\000y\000\040\000f\000o\000r\000\040\000m\000u\000l\000t\000i\000p\000l\000i\000c\000a\000t\000i\000v\000e\000\040\000g\000r\000o\000u\000p\000\040\000o\000f\000\040\000i\000n\000t\000e\000g\000e\000r\000s\000\040\000m\000o\000d\000u\000l\000o\000\040\000n}{section.8}% 52
\BOOKMARK [2][-]{subsection.8.7}{\376\377\000U\000s\000i\000n\000g\000\040\000i\000n\000v\000e\000r\000s\000e\000s\000\040\000t\000o\000\040\000s\000o\000l\000v\000e\000\040\000p\000r\000o\000b\000l\000e\000m\000s\000\040\000f\000o\000r\000\040\000i\000n\000t\000e\000g\000e\000r\000s\000\040\000m\000o\000d\000u\000l\000o\000\040\000m}{section.8}% 53
\BOOKMARK [1][-]{section.9}{\376\377\000R\000S\000A\000\040\000c\000r\000y\000p\000t\000o\000g\000r\000a\000p\000h\000y}{}% 54
\BOOKMARK [2][-]{subsection.9.1}{\376\377\000W\000h\000y\000?}{section.9}% 55
\BOOKMARK [2][-]{subsection.9.2}{\376\377\000H\000o\000w\000?}{section.9}% 56
\BOOKMARK [3][-]{subsubsection.9.2.1}{\376\377\000G\000e\000n\000e\000r\000a\000t\000i\000n\000g\000\040\000t\000h\000e\000\040\000k\000e\000y\000s}{subsection.9.2}% 57
\BOOKMARK [3][-]{subsubsection.9.2.2}{\376\377\000E\000n\000c\000r\000y\000p\000t\000i\000o\000n\000\040\000a\000n\000d\000\040\000d\000e\000c\000r\000y\000p\000t\000i\000o\000n}{subsection.9.2}% 58
\BOOKMARK [3][-]{subsubsection.9.2.3}{\376\377\000W\000h\000a\000t\000\040\000i\000f\000\040\000s\000o\000m\000e\000o\000n\000e\000\040\000t\000r\000i\000e\000s\000\040\000t\000o\000\040\000e\000a\000v\000e\000s\000d\000r\000o\000p\000?}{subsection.9.2}% 59
\BOOKMARK [3][-]{subsubsection.9.2.4}{\376\377\000W\000a\000i\000t\000,\000\040\000h\000a\000n\000g\000\040\000o\000n\000\040\000a\000\040\000m\000i\000n\000u\000t\000e\000:\000\040\000W\000h\000a\000t\000'\000s\000\040\000m\000o\000d\000\040\000\050\000n\000\051\000\040\000d\000o\000i\000n\000g\000\040\000t\000h\000e\000r\000e\000?}{subsection.9.2}% 60
\BOOKMARK [3][-]{subsubsection.9.2.5}{\376\377\000T\000h\000e\000\040\000R\000S\000A\000\040\000a\000l\000g\000o\000r\000i\000t\000h\000m\000\040\000i\000n\000\040\000a\000c\000t\000i\000o\000n}{subsection.9.2}% 61
\BOOKMARK [1][-]{section.10}{\376\377\000L\000a\000g\000r\000a\000n\000g\000e\000'\000s\000\040\000t\000h\000e\000o\000r\000e\000m\000\040\000a\000n\000d\000\040\000m\000o\000r\000e\000\040\000o\000n\000\040\000t\000h\000e\000\040\000p\000r\000o\000p\000e\000r\000t\000i\000e\000s\000\040\000o\000f\000\040\000G\000m}{}% 62
\BOOKMARK [2][-]{subsection.10.1}{\376\377\000R\000e\000p\000e\000t\000i\000t\000i\000v\000e\000\040\000s\000q\000u\000a\000r\000i\000n\000g}{section.10}% 63
\BOOKMARK [2][-]{subsection.10.2}{\376\377\000A\000\040\000b\000e\000t\000t\000e\000r\000\040\000m\000e\000t\000h\000o\000d}{section.10}% 64
\BOOKMARK [2][-]{subsection.10.3}{\376\377\000L\000a\000g\000r\000a\000n\000g\000e\000'\000s\000\040\000t\000h\000e\000o\000r\000e\000m}{section.10}% 65
\BOOKMARK [2][-]{subsection.10.4}{\376\377\000A\000p\000p\000l\000y\000i\000n\000g\000\040\000L\000a\000g\000r\000a\000n\000g\000e\000'\000s\000\040\000t\000h\000e\000o\000r\000e\000m\000\040\000t\000o\000\040\000c\000y\000c\000l\000i\000c\000\040\000s\000u\000b\000g\000r\000o\000u\000p\000s\000\040\000o\000f\000\040\000G\000m}{section.10}% 66
\BOOKMARK [1][-]{section.11}{\376\377\000L\000i\000n\000e\000a\000r\000\040\000a\000l\000g\000e\000b\000r\000a}{}% 67
\BOOKMARK [2][-]{subsection.11.1}{\376\377\000W\000h\000a\000t\000\040\000a\000r\000e\000\040\000m\000a\000t\000r\000i\000c\000e\000s\000\040\000a\000n\000d\000\040\000w\000h\000a\000t\000\040\000c\000a\000n\000\040\000w\000e\000\040\000d\000o\000\040\000w\000i\000t\000h\000\040\000t\000h\000e\000m\000?}{section.11}% 68
\BOOKMARK [2][-]{subsection.11.2}{\376\377\000D\000e\000t\000e\000r\000m\000i\000n\000a\000n\000t\000s\000\040\000a\000n\000d\000\040\000h\000o\000w\000\040\000t\000o\000\040\000c\000o\000m\000p\000u\000t\000e\000\040\000t\000h\000e\000m}{section.11}% 69
\BOOKMARK [3][-]{subsubsection.11.2.1}{\376\377\000D\000e\000t\000e\000r\000m\000i\000n\000a\000n\000t\000\040\000o\000f\000\040\000a\000\040\0002\000\040\0002\000\040\000m\000a\000t\000r\000i\000x}{subsection.11.2}% 70
\BOOKMARK [3][-]{subsubsection.11.2.2}{\376\377\000D\000e\000t\000e\000r\000m\000i\000n\000a\000n\000t\000\040\000o\000f\000\040\000a\000\040\0003\000\040\0003\000\040\000m\000a\000t\000r\000i\000x}{subsection.11.2}% 71
\BOOKMARK [3][-]{subsubsection.11.2.3}{\376\377\000D\000e\000t\000e\000r\000m\000i\000n\000a\000n\000t\000\040\000o\000f\000\040\000a\000\040\0004\000\040\0004\000\040\000m\000a\000t\000r\000i\000x}{subsection.11.2}% 72
\BOOKMARK [3][-]{subsubsection.11.2.4}{\376\377\000L\000e\000i\000b\000n\000i\000z\000\040\000f\000o\000r\000m\000u\000l\000a\000\040\000f\000o\000r\000\040\000d\000e\000t\000e\000r\000m\000i\000n\000a\000n\000t\000s}{subsection.11.2}% 73
\BOOKMARK [3][-]{subsubsection.11.2.5}{\376\377\000T\000h\000e\000\040\000d\000e\000t\000e\000r\000m\000i\000n\000a\000n\000t\000\040\000a\000s\000\040\000t\000h\000e\000\040\000v\000o\000l\000u\000m\000e\000\040\000o\000f\000\040\000a\000\040\000p\000a\000r\000a\000l\000l\000e\000l\000o\000p\000i\000p\000e\000d}{subsection.11.2}% 74
\BOOKMARK [3][-]{subsubsection.11.2.6}{\376\377\000R\000e\000c\000u\000r\000s\000i\000v\000e\000\040\000m\000e\000t\000h\000o\000d\000\040\000u\000s\000i\000n\000g\000\040\000u\000p\000p\000e\000r\000\040\000t\000r\000i\000a\000n\000g\000u\000l\000a\000r\000\040\000m\000a\000t\000r\000i\000c\000e\000s}{subsection.11.2}% 75
\BOOKMARK [2][-]{subsection.11.3}{\376\377\000I\000n\000v\000e\000r\000s\000e\000s\000\040\000a\000n\000d\000\040\000h\000o\000w\000\040\000t\000o\000\040\000c\000o\000m\000p\000u\000t\000e\000\040\000t\000h\000e\000m}{section.11}% 76
\BOOKMARK [2][-]{subsection.11.4}{\376\377\000S\000o\000l\000v\000i\000n\000g\000\040\000s\000y\000s\000t\000e\000m\000s\000\040\000o\000f\000\040\000l\000i\000n\000e\000a\000r\000\040\000e\000q\000u\000a\000t\000i\000o\000n\000s}{section.11}% 77
\BOOKMARK [3][-]{subsubsection.11.4.1}{\376\377\000U\000s\000i\000n\000g\000\040\000C\000r\000a\000m\000e\000r\000'\000s\000\040\000r\000u\000l\000e}{subsection.11.4}% 78
\BOOKMARK [3][-]{subsubsection.11.4.2}{\376\377\000U\000s\000i\000n\000g\000\040\000i\000n\000v\000e\000r\000s\000e\000s}{subsection.11.4}% 79
\BOOKMARK [3][-]{subsubsection.11.4.3}{\376\377\000G\000a\000u\000s\000s\000i\000a\000n\000\040\000e\000l\000i\000m\000i\000n\000a\000t\000i\000o\000n}{subsection.11.4}% 80
\BOOKMARK [2][-]{subsection.11.5}{\376\377\000E\000i\000g\000e\000n\000v\000e\000c\000t\000o\000r\000s\000\040\000a\000n\000d\000\040\000e\000i\000g\000e\000n\000v\000a\000l\000u\000e\000s}{section.11}% 81
\BOOKMARK [3][-]{subsubsection.11.5.1}{\376\377\000W\000h\000a\000t\000\040\000a\000r\000e\000\040\000e\000i\000g\000e\000n\000v\000e\000c\000t\000o\000r\000s\000\040\000a\000n\000d\000\040\000e\000i\000g\000e\000n\000v\000a\000l\000u\000e\000s\000?}{subsection.11.5}% 82
\BOOKMARK [3][-]{subsubsection.11.5.2}{\376\377\000E\000x\000a\000m\000p\000l\000e\000:\000\040\000A\000\040\000m\000a\000t\000r\000i\000x\000\040\000w\000i\000t\000h\000\040\000n\000o\000\040\000e\000i\000g\000e\000n\000v\000a\000l\000u\000e\000s}{subsection.11.5}% 83
\BOOKMARK [3][-]{subsubsection.11.5.3}{\376\377\000E\000x\000a\000m\000p\000l\000e\000:\000\040\000A\000\040\000m\000a\000t\000r\000i\000x\000\040\000w\000i\000t\000h\000\040\000o\000n\000e\000\040\000e\000i\000g\000e\000n\000v\000a\000l\000u\000e}{subsection.11.5}% 84
\BOOKMARK [3][-]{subsubsection.11.5.4}{\376\377\000E\000x\000a\000m\000p\000l\000e\000:\000\040\000A\000\040\000m\000a\000t\000r\000i\000x\000\040\000w\000i\000t\000h\000\040\000m\000u\000l\000t\000i\000p\000l\000e\000\040\000e\000i\000g\000e\000n\000v\000a\000l\000u\000e\000s}{subsection.11.5}% 85
\BOOKMARK [3][-]{subsubsection.11.5.5}{\376\377\000T\000h\000e\000\040\000p\000r\000o\000d\000u\000c\000t\000\040\000o\000f\000\040\000a\000l\000l\000\040\000e\000i\000g\000e\000n\000v\000a\000l\000u\000e\000s\000\040\000o\000f\000\040\000a\000\040\000m\000a\000t\000r\000i\000x\000\040\000e\000q\000u\000a\000l\000s\000\040\000i\000t\000s\000\040\000d\000e\000t\000e\000r\000m\000i\000n\000a\000n\000t}{subsection.11.5}% 86
\BOOKMARK [1][-]{section.12}{\376\377\000H\000o\000w\000\040\000t\000o\000\040\000c\000o\000u\000n\000t}{}% 87
